<?xml version="1.0" encoding="UTF-8"?>
<testng-results skipped="0" failed="0" ignored="0" total="2" passed="2">
  <reporter-output>
  </reporter-output>
  <suite name="Suite" duration-ms="36159" started-at="2019-12-12T13:54:25Z" finished-at="2019-12-12T13:55:01Z">
    <groups>
    </groups>
    <test name="Test" duration-ms="36159" started-at="2019-12-12T13:54:25Z" finished-at="2019-12-12T13:55:01Z">
      <class name="com.test.loginTest">
        <test-method status="PASS" signature="setup(java.lang.String)[pri:0, instance:com.test.loginTest@14bf9759]" name="setup" is-config="true" duration-ms="10115" started-at="2019-12-12T13:54:25Z" finished-at="2019-12-12T13:54:35Z">
          <params>
            <param index="0">
              <value>
                <![CDATA[chrome]]>
              </value>
            </param>
          </params>
          <reporter-output>
          </reporter-output>
        </test-method> <!-- setup -->
        <test-method status="PASS" signature="verifyLoginPageTitleTest()[pri:1, instance:com.test.loginTest@14bf9759]" name="verifyLoginPageTitleTest" duration-ms="122" started-at="2019-12-12T13:54:35Z" finished-at="2019-12-12T13:54:35Z">
          <reporter-output>
          </reporter-output>
        </test-method> <!-- verifyLoginPageTitleTest -->
        <test-method status="PASS" signature="teardown()[pri:0, instance:com.test.loginTest@14bf9759]" name="teardown" is-config="true" duration-ms="625" started-at="2019-12-12T13:54:35Z" finished-at="2019-12-12T13:54:36Z">
          <reporter-output>
          </reporter-output>
        </test-method> <!-- teardown -->
        <test-method status="PASS" signature="setup(java.lang.String)[pri:0, instance:com.test.loginTest@14bf9759]" name="setup" is-config="true" duration-ms="14223" started-at="2019-12-12T13:54:36Z" finished-at="2019-12-12T13:54:50Z">
          <params>
            <param index="0">
              <value>
                <![CDATA[chrome]]>
              </value>
            </param>
          </params>
          <reporter-output>
          </reporter-output>
        </test-method> <!-- setup -->
        <test-method status="PASS" signature="doLoginTest()[pri:2, instance:com.test.loginTest@14bf9759]" name="doLoginTest" duration-ms="10216" started-at="2019-12-12T13:54:50Z" finished-at="2019-12-12T13:55:00Z">
          <reporter-output>
          </reporter-output>
        </test-method> <!-- doLoginTest -->
        <test-method status="PASS" signature="teardown()[pri:0, instance:com.test.loginTest@14bf9759]" name="teardown" is-config="true" duration-ms="809" started-at="2019-12-12T13:55:00Z" finished-at="2019-12-12T13:55:01Z">
          <reporter-output>
          </reporter-output>
        </test-method> <!-- teardown -->
      </class> <!-- com.test.loginTest -->
    </test> <!-- Test -->
  </suite> <!-- Suite -->
</testng-results>
